Performing C SOURCE FILE Test CMAKE_HAVE_LIBC_PTHREAD failed with the following output:
Change Dir: /home/reu/bderieg/geant4/GCRSimulator/build/CMakeFiles/CMakeTmp

Run Build Command(s):/usr/bin/gmake cmTC_7c3ff/fast && /usr/bin/gmake -f CMakeFiles/cmTC_7c3ff.dir/build.make CMakeFiles/cmTC_7c3ff.dir/build
gmake[1]: Entering directory '/home/reu/bderieg/geant4/GCRSimulator/build/CMakeFiles/CMakeTmp'
Building C object CMakeFiles/cmTC_7c3ff.dir/src.c.o
/usr/bin/cc   -DCMAKE_HAVE_LIBC_PTHREAD   -o CMakeFiles/cmTC_7c3ff.dir/src.c.o   -c /home/reu/bderieg/geant4/GCRSimulator/build/CMakeFiles/CMakeTmp/src.c
Linking C executable cmTC_7c3ff
/usr/bin/cmake -E cmake_link_script CMakeFiles/cmTC_7c3ff.dir/link.txt --verbose=1
/usr/bin/cc  -DCMAKE_HAVE_LIBC_PTHREAD    CMakeFiles/cmTC_7c3ff.dir/src.c.o  -o cmTC_7c3ff 
/usr/lib64/gcc/x86_64-suse-linux/7/../../../../x86_64-suse-linux/bin/ld: CMakeFiles/cmTC_7c3ff.dir/src.c.o: in function `main':
src.c:(.text+0x2d): undefined reference to `pthread_create'
/usr/lib64/gcc/x86_64-suse-linux/7/../../../../x86_64-suse-linux/bin/ld: src.c:(.text+0x39): undefined reference to `pthread_detach'
/usr/lib64/gcc/x86_64-suse-linux/7/../../../../x86_64-suse-linux/bin/ld: src.c:(.text+0x45): undefined reference to `pthread_cancel'
/usr/lib64/gcc/x86_64-suse-linux/7/../../../../x86_64-suse-linux/bin/ld: src.c:(.text+0x56): undefined reference to `pthread_join'
/usr/lib64/gcc/x86_64-suse-linux/7/../../../../x86_64-suse-linux/bin/ld: src.c:(.text+0x6a): undefined reference to `pthread_atfork'
collect2: error: ld returned 1 exit status
gmake[1]: *** [CMakeFiles/cmTC_7c3ff.dir/build.make:104: cmTC_7c3ff] Error 1
gmake[1]: Leaving directory '/home/reu/bderieg/geant4/GCRSimulator/build/CMakeFiles/CMakeTmp'
gmake: *** [Makefile:138: cmTC_7c3ff/fast] Error 2


Source file was:
#include <pthread.h>

void* test_func(void* data)
{
  return data;
}

int main(void)
{
  pthread_t thread;
  pthread_create(&thread, NULL, test_func, NULL);
  pthread_detach(thread);
  pthread_cancel(thread);
  pthread_join(thread, NULL);
  pthread_atfork(NULL, NULL, NULL);
  pthread_exit(NULL);

  return 0;
}

Performing C SOURCE FILE Test CMAKE_HAVE_LIBC_PTHREAD failed with the following output:
Change Dir: /home/reu/bderieg/geant4/GCRSimulator/build/CMakeFiles/CMakeTmp

Run Build Command(s):/usr/bin/gmake cmTC_1fe39/fast && /usr/bin/gmake -f CMakeFiles/cmTC_1fe39.dir/build.make CMakeFiles/cmTC_1fe39.dir/build
gmake[1]: Entering directory '/home/reu/bderieg/geant4/GCRSimulator/build/CMakeFiles/CMakeTmp'
Building C object CMakeFiles/cmTC_1fe39.dir/src.c.o
/usr/bin/cc   -DCMAKE_HAVE_LIBC_PTHREAD   -o CMakeFiles/cmTC_1fe39.dir/src.c.o   -c /home/reu/bderieg/geant4/GCRSimulator/build/CMakeFiles/CMakeTmp/src.c
Linking C executable cmTC_1fe39
/usr/bin/cmake -E cmake_link_script CMakeFiles/cmTC_1fe39.dir/link.txt --verbose=1
/usr/bin/cc  -DCMAKE_HAVE_LIBC_PTHREAD    CMakeFiles/cmTC_1fe39.dir/src.c.o  -o cmTC_1fe39 
/usr/lib64/gcc/x86_64-suse-linux/7/../../../../x86_64-suse-linux/bin/ld: CMakeFiles/cmTC_1fe39.dir/src.c.o: in function `main':
src.c:(.text+0x2d): undefined reference to `pthread_create'
/usr/lib64/gcc/x86_64-suse-linux/7/../../../../x86_64-suse-linux/bin/ld: src.c:(.text+0x39): undefined reference to `pthread_detach'
/usr/lib64/gcc/x86_64-suse-linux/7/../../../../x86_64-suse-linux/bin/ld: src.c:(.text+0x45): undefined reference to `pthread_cancel'
/usr/lib64/gcc/x86_64-suse-linux/7/../../../../x86_64-suse-linux/bin/ld: src.c:(.text+0x56): undefined reference to `pthread_join'
/usr/lib64/gcc/x86_64-suse-linux/7/../../../../x86_64-suse-linux/bin/ld: src.c:(.text+0x6a): undefined reference to `pthread_atfork'
collect2: error: ld returned 1 exit status
gmake[1]: *** [CMakeFiles/cmTC_1fe39.dir/build.make:104: cmTC_1fe39] Error 1
gmake[1]: Leaving directory '/home/reu/bderieg/geant4/GCRSimulator/build/CMakeFiles/CMakeTmp'
gmake: *** [Makefile:138: cmTC_1fe39/fast] Error 2


Source file was:
#include <pthread.h>

void* test_func(void* data)
{
  return data;
}

int main(void)
{
  pthread_t thread;
  pthread_create(&thread, NULL, test_func, NULL);
  pthread_detach(thread);
  pthread_cancel(thread);
  pthread_join(thread, NULL);
  pthread_atfork(NULL, NULL, NULL);
  pthread_exit(NULL);

  return 0;
}

Performing C SOURCE FILE Test CMAKE_HAVE_LIBC_PTHREAD failed with the following output:
Change Dir: /home/reu/bderieg/geant4/GCRSimulator/build/CMakeFiles/CMakeTmp

Run Build Command(s):/usr/bin/gmake cmTC_9361e/fast && /usr/bin/gmake -f CMakeFiles/cmTC_9361e.dir/build.make CMakeFiles/cmTC_9361e.dir/build
gmake[1]: Entering directory '/home/reu/bderieg/geant4/GCRSimulator/build/CMakeFiles/CMakeTmp'
Building C object CMakeFiles/cmTC_9361e.dir/src.c.o
/usr/bin/cc   -DCMAKE_HAVE_LIBC_PTHREAD   -o CMakeFiles/cmTC_9361e.dir/src.c.o   -c /home/reu/bderieg/geant4/GCRSimulator/build/CMakeFiles/CMakeTmp/src.c
Linking C executable cmTC_9361e
/usr/bin/cmake -E cmake_link_script CMakeFiles/cmTC_9361e.dir/link.txt --verbose=1
/usr/bin/cc  -DCMAKE_HAVE_LIBC_PTHREAD    CMakeFiles/cmTC_9361e.dir/src.c.o  -o cmTC_9361e 
/usr/lib64/gcc/x86_64-suse-linux/7/../../../../x86_64-suse-linux/bin/ld: CMakeFiles/cmTC_9361e.dir/src.c.o: in function `main':
src.c:(.text+0x2d): undefined reference to `pthread_create'
/usr/lib64/gcc/x86_64-suse-linux/7/../../../../x86_64-suse-linux/bin/ld: src.c:(.text+0x39): undefined reference to `pthread_detach'
/usr/lib64/gcc/x86_64-suse-linux/7/../../../../x86_64-suse-linux/bin/ld: src.c:(.text+0x45): undefined reference to `pthread_cancel'
/usr/lib64/gcc/x86_64-suse-linux/7/../../../../x86_64-suse-linux/bin/ld: src.c:(.text+0x56): undefined reference to `pthread_join'
/usr/lib64/gcc/x86_64-suse-linux/7/../../../../x86_64-suse-linux/bin/ld: src.c:(.text+0x6a): undefined reference to `pthread_atfork'
collect2: error: ld returned 1 exit status
gmake[1]: *** [CMakeFiles/cmTC_9361e.dir/build.make:104: cmTC_9361e] Error 1
gmake[1]: Leaving directory '/home/reu/bderieg/geant4/GCRSimulator/build/CMakeFiles/CMakeTmp'
gmake: *** [Makefile:138: cmTC_9361e/fast] Error 2


Source file was:
#include <pthread.h>

void* test_func(void* data)
{
  return data;
}

int main(void)
{
  pthread_t thread;
  pthread_create(&thread, NULL, test_func, NULL);
  pthread_detach(thread);
  pthread_cancel(thread);
  pthread_join(thread, NULL);
  pthread_atfork(NULL, NULL, NULL);
  pthread_exit(NULL);

  return 0;
}

Performing C SOURCE FILE Test CMAKE_HAVE_LIBC_PTHREAD failed with the following output:
Change Dir: /home/reu/bderieg/geant4/GCRSimulator/build/CMakeFiles/CMakeTmp

Run Build Command(s):/usr/bin/gmake cmTC_b6e3d/fast && /usr/bin/gmake -f CMakeFiles/cmTC_b6e3d.dir/build.make CMakeFiles/cmTC_b6e3d.dir/build
gmake[1]: Entering directory '/home/reu/bderieg/geant4/GCRSimulator/build/CMakeFiles/CMakeTmp'
Building C object CMakeFiles/cmTC_b6e3d.dir/src.c.o
/usr/bin/cc   -DCMAKE_HAVE_LIBC_PTHREAD   -o CMakeFiles/cmTC_b6e3d.dir/src.c.o   -c /home/reu/bderieg/geant4/GCRSimulator/build/CMakeFiles/CMakeTmp/src.c
Linking C executable cmTC_b6e3d
/usr/bin/cmake -E cmake_link_script CMakeFiles/cmTC_b6e3d.dir/link.txt --verbose=1
/usr/bin/cc  -DCMAKE_HAVE_LIBC_PTHREAD    CMakeFiles/cmTC_b6e3d.dir/src.c.o  -o cmTC_b6e3d 
/usr/lib64/gcc/x86_64-suse-linux/7/../../../../x86_64-suse-linux/bin/ld: CMakeFiles/cmTC_b6e3d.dir/src.c.o: in function `main':
src.c:(.text+0x2d): undefined reference to `pthread_create'
/usr/lib64/gcc/x86_64-suse-linux/7/../../../../x86_64-suse-linux/bin/ld: src.c:(.text+0x39): undefined reference to `pthread_detach'
/usr/lib64/gcc/x86_64-suse-linux/7/../../../../x86_64-suse-linux/bin/ld: src.c:(.text+0x45): undefined reference to `pthread_cancel'
/usr/lib64/gcc/x86_64-suse-linux/7/../../../../x86_64-suse-linux/bin/ld: src.c:(.text+0x56): undefined reference to `pthread_join'
/usr/lib64/gcc/x86_64-suse-linux/7/../../../../x86_64-suse-linux/bin/ld: src.c:(.text+0x6a): undefined reference to `pthread_atfork'
collect2: error: ld returned 1 exit status
gmake[1]: *** [CMakeFiles/cmTC_b6e3d.dir/build.make:104: cmTC_b6e3d] Error 1
gmake[1]: Leaving directory '/home/reu/bderieg/geant4/GCRSimulator/build/CMakeFiles/CMakeTmp'
gmake: *** [Makefile:138: cmTC_b6e3d/fast] Error 2


Source file was:
#include <pthread.h>

void* test_func(void* data)
{
  return data;
}

int main(void)
{
  pthread_t thread;
  pthread_create(&thread, NULL, test_func, NULL);
  pthread_detach(thread);
  pthread_cancel(thread);
  pthread_join(thread, NULL);
  pthread_atfork(NULL, NULL, NULL);
  pthread_exit(NULL);

  return 0;
}

Performing C SOURCE FILE Test CMAKE_HAVE_LIBC_PTHREAD failed with the following output:
Change Dir: /home/reu/bderieg/geant4/GCRSimulator/build/CMakeFiles/CMakeTmp

Run Build Command(s):/usr/bin/gmake cmTC_b0b10/fast && /usr/bin/gmake -f CMakeFiles/cmTC_b0b10.dir/build.make CMakeFiles/cmTC_b0b10.dir/build
gmake[1]: Entering directory '/home/reu/bderieg/geant4/GCRSimulator/build/CMakeFiles/CMakeTmp'
Building C object CMakeFiles/cmTC_b0b10.dir/src.c.o
/usr/bin/cc   -DCMAKE_HAVE_LIBC_PTHREAD   -o CMakeFiles/cmTC_b0b10.dir/src.c.o   -c /home/reu/bderieg/geant4/GCRSimulator/build/CMakeFiles/CMakeTmp/src.c
Linking C executable cmTC_b0b10
/usr/bin/cmake -E cmake_link_script CMakeFiles/cmTC_b0b10.dir/link.txt --verbose=1
/usr/bin/cc  -DCMAKE_HAVE_LIBC_PTHREAD    CMakeFiles/cmTC_b0b10.dir/src.c.o  -o cmTC_b0b10 
/usr/lib64/gcc/x86_64-suse-linux/7/../../../../x86_64-suse-linux/bin/ld: CMakeFiles/cmTC_b0b10.dir/src.c.o: in function `main':
src.c:(.text+0x2d): undefined reference to `pthread_create'
/usr/lib64/gcc/x86_64-suse-linux/7/../../../../x86_64-suse-linux/bin/ld: src.c:(.text+0x39): undefined reference to `pthread_detach'
/usr/lib64/gcc/x86_64-suse-linux/7/../../../../x86_64-suse-linux/bin/ld: src.c:(.text+0x45): undefined reference to `pthread_cancel'
/usr/lib64/gcc/x86_64-suse-linux/7/../../../../x86_64-suse-linux/bin/ld: src.c:(.text+0x56): undefined reference to `pthread_join'
/usr/lib64/gcc/x86_64-suse-linux/7/../../../../x86_64-suse-linux/bin/ld: src.c:(.text+0x6a): undefined reference to `pthread_atfork'
collect2: error: ld returned 1 exit status
gmake[1]: *** [CMakeFiles/cmTC_b0b10.dir/build.make:104: cmTC_b0b10] Error 1
gmake[1]: Leaving directory '/home/reu/bderieg/geant4/GCRSimulator/build/CMakeFiles/CMakeTmp'
gmake: *** [Makefile:138: cmTC_b0b10/fast] Error 2


Source file was:
#include <pthread.h>

void* test_func(void* data)
{
  return data;
}

int main(void)
{
  pthread_t thread;
  pthread_create(&thread, NULL, test_func, NULL);
  pthread_detach(thread);
  pthread_cancel(thread);
  pthread_join(thread, NULL);
  pthread_atfork(NULL, NULL, NULL);
  pthread_exit(NULL);

  return 0;
}

Performing C SOURCE FILE Test CMAKE_HAVE_LIBC_PTHREAD failed with the following output:
Change Dir: /home/reu/bderieg/geant4/GCRSimulator/build/CMakeFiles/CMakeTmp

Run Build Command(s):/usr/bin/gmake cmTC_c5a7e/fast && /usr/bin/gmake -f CMakeFiles/cmTC_c5a7e.dir/build.make CMakeFiles/cmTC_c5a7e.dir/build
gmake[1]: Entering directory '/home/reu/bderieg/geant4/GCRSimulator/build/CMakeFiles/CMakeTmp'
Building C object CMakeFiles/cmTC_c5a7e.dir/src.c.o
/usr/bin/cc   -DCMAKE_HAVE_LIBC_PTHREAD   -o CMakeFiles/cmTC_c5a7e.dir/src.c.o   -c /home/reu/bderieg/geant4/GCRSimulator/build/CMakeFiles/CMakeTmp/src.c
Linking C executable cmTC_c5a7e
/usr/bin/cmake -E cmake_link_script CMakeFiles/cmTC_c5a7e.dir/link.txt --verbose=1
/usr/bin/cc  -DCMAKE_HAVE_LIBC_PTHREAD    CMakeFiles/cmTC_c5a7e.dir/src.c.o  -o cmTC_c5a7e 
/usr/lib64/gcc/x86_64-suse-linux/7/../../../../x86_64-suse-linux/bin/ld: CMakeFiles/cmTC_c5a7e.dir/src.c.o: in function `main':
src.c:(.text+0x2d): undefined reference to `pthread_create'
/usr/lib64/gcc/x86_64-suse-linux/7/../../../../x86_64-suse-linux/bin/ld: src.c:(.text+0x39): undefined reference to `pthread_detach'
/usr/lib64/gcc/x86_64-suse-linux/7/../../../../x86_64-suse-linux/bin/ld: src.c:(.text+0x45): undefined reference to `pthread_cancel'
/usr/lib64/gcc/x86_64-suse-linux/7/../../../../x86_64-suse-linux/bin/ld: src.c:(.text+0x56): undefined reference to `pthread_join'
/usr/lib64/gcc/x86_64-suse-linux/7/../../../../x86_64-suse-linux/bin/ld: src.c:(.text+0x6a): undefined reference to `pthread_atfork'
collect2: error: ld returned 1 exit status
gmake[1]: *** [CMakeFiles/cmTC_c5a7e.dir/build.make:104: cmTC_c5a7e] Error 1
gmake[1]: Leaving directory '/home/reu/bderieg/geant4/GCRSimulator/build/CMakeFiles/CMakeTmp'
gmake: *** [Makefile:138: cmTC_c5a7e/fast] Error 2


Source file was:
#include <pthread.h>

void* test_func(void* data)
{
  return data;
}

int main(void)
{
  pthread_t thread;
  pthread_create(&thread, NULL, test_func, NULL);
  pthread_detach(thread);
  pthread_cancel(thread);
  pthread_join(thread, NULL);
  pthread_atfork(NULL, NULL, NULL);
  pthread_exit(NULL);

  return 0;
}

Performing C SOURCE FILE Test CMAKE_HAVE_LIBC_PTHREAD failed with the following output:
Change Dir: /home/reu/bderieg/geant4/GCRSimulator/build/CMakeFiles/CMakeTmp

Run Build Command(s):/usr/bin/gmake cmTC_9ddbb/fast && /usr/bin/gmake -f CMakeFiles/cmTC_9ddbb.dir/build.make CMakeFiles/cmTC_9ddbb.dir/build
gmake[1]: Entering directory '/home/reu/bderieg/geant4/GCRSimulator/build/CMakeFiles/CMakeTmp'
Building C object CMakeFiles/cmTC_9ddbb.dir/src.c.o
/usr/bin/cc   -DCMAKE_HAVE_LIBC_PTHREAD   -o CMakeFiles/cmTC_9ddbb.dir/src.c.o   -c /home/reu/bderieg/geant4/GCRSimulator/build/CMakeFiles/CMakeTmp/src.c
Linking C executable cmTC_9ddbb
/usr/bin/cmake -E cmake_link_script CMakeFiles/cmTC_9ddbb.dir/link.txt --verbose=1
/usr/bin/cc  -DCMAKE_HAVE_LIBC_PTHREAD    CMakeFiles/cmTC_9ddbb.dir/src.c.o  -o cmTC_9ddbb 
/usr/lib64/gcc/x86_64-suse-linux/7/../../../../x86_64-suse-linux/bin/ld: CMakeFiles/cmTC_9ddbb.dir/src.c.o: in function `main':
src.c:(.text+0x2d): undefined reference to `pthread_create'
/usr/lib64/gcc/x86_64-suse-linux/7/../../../../x86_64-suse-linux/bin/ld: src.c:(.text+0x39): undefined reference to `pthread_detach'
/usr/lib64/gcc/x86_64-suse-linux/7/../../../../x86_64-suse-linux/bin/ld: src.c:(.text+0x45): undefined reference to `pthread_cancel'
/usr/lib64/gcc/x86_64-suse-linux/7/../../../../x86_64-suse-linux/bin/ld: src.c:(.text+0x56): undefined reference to `pthread_join'
/usr/lib64/gcc/x86_64-suse-linux/7/../../../../x86_64-suse-linux/bin/ld: src.c:(.text+0x6a): undefined reference to `pthread_atfork'
collect2: error: ld returned 1 exit status
gmake[1]: *** [CMakeFiles/cmTC_9ddbb.dir/build.make:104: cmTC_9ddbb] Error 1
gmake[1]: Leaving directory '/home/reu/bderieg/geant4/GCRSimulator/build/CMakeFiles/CMakeTmp'
gmake: *** [Makefile:138: cmTC_9ddbb/fast] Error 2


Source file was:
#include <pthread.h>

void* test_func(void* data)
{
  return data;
}

int main(void)
{
  pthread_t thread;
  pthread_create(&thread, NULL, test_func, NULL);
  pthread_detach(thread);
  pthread_cancel(thread);
  pthread_join(thread, NULL);
  pthread_atfork(NULL, NULL, NULL);
  pthread_exit(NULL);

  return 0;
}

Performing C SOURCE FILE Test CMAKE_HAVE_LIBC_PTHREAD failed with the following output:
Change Dir: /home/reu/bderieg/geant4/GCRSimulator/build/CMakeFiles/CMakeTmp

Run Build Command(s):/usr/bin/gmake cmTC_91b2c/fast && /usr/bin/gmake -f CMakeFiles/cmTC_91b2c.dir/build.make CMakeFiles/cmTC_91b2c.dir/build
gmake[1]: Entering directory '/home/reu/bderieg/geant4/GCRSimulator/build/CMakeFiles/CMakeTmp'
Building C object CMakeFiles/cmTC_91b2c.dir/src.c.o
/usr/bin/cc   -DCMAKE_HAVE_LIBC_PTHREAD   -o CMakeFiles/cmTC_91b2c.dir/src.c.o   -c /home/reu/bderieg/geant4/GCRSimulator/build/CMakeFiles/CMakeTmp/src.c
Linking C executable cmTC_91b2c
/usr/bin/cmake -E cmake_link_script CMakeFiles/cmTC_91b2c.dir/link.txt --verbose=1
/usr/bin/cc  -DCMAKE_HAVE_LIBC_PTHREAD    CMakeFiles/cmTC_91b2c.dir/src.c.o  -o cmTC_91b2c 
/usr/lib64/gcc/x86_64-suse-linux/7/../../../../x86_64-suse-linux/bin/ld: CMakeFiles/cmTC_91b2c.dir/src.c.o: in function `main':
src.c:(.text+0x2d): undefined reference to `pthread_create'
/usr/lib64/gcc/x86_64-suse-linux/7/../../../../x86_64-suse-linux/bin/ld: src.c:(.text+0x39): undefined reference to `pthread_detach'
/usr/lib64/gcc/x86_64-suse-linux/7/../../../../x86_64-suse-linux/bin/ld: src.c:(.text+0x45): undefined reference to `pthread_cancel'
/usr/lib64/gcc/x86_64-suse-linux/7/../../../../x86_64-suse-linux/bin/ld: src.c:(.text+0x56): undefined reference to `pthread_join'
/usr/lib64/gcc/x86_64-suse-linux/7/../../../../x86_64-suse-linux/bin/ld: src.c:(.text+0x6a): undefined reference to `pthread_atfork'
collect2: error: ld returned 1 exit status
gmake[1]: *** [CMakeFiles/cmTC_91b2c.dir/build.make:104: cmTC_91b2c] Error 1
gmake[1]: Leaving directory '/home/reu/bderieg/geant4/GCRSimulator/build/CMakeFiles/CMakeTmp'
gmake: *** [Makefile:138: cmTC_91b2c/fast] Error 2


Source file was:
#include <pthread.h>

void* test_func(void* data)
{
  return data;
}

int main(void)
{
  pthread_t thread;
  pthread_create(&thread, NULL, test_func, NULL);
  pthread_detach(thread);
  pthread_cancel(thread);
  pthread_join(thread, NULL);
  pthread_atfork(NULL, NULL, NULL);
  pthread_exit(NULL);

  return 0;
}

Performing C SOURCE FILE Test CMAKE_HAVE_LIBC_PTHREAD failed with the following output:
Change Dir: /home/reu/bderieg/geant4/GCRSimulator/build/CMakeFiles/CMakeTmp

Run Build Command(s):/usr/bin/gmake cmTC_a61a7/fast && /usr/bin/gmake -f CMakeFiles/cmTC_a61a7.dir/build.make CMakeFiles/cmTC_a61a7.dir/build
gmake[1]: Entering directory '/home/reu/bderieg/geant4/GCRSimulator/build/CMakeFiles/CMakeTmp'
Building C object CMakeFiles/cmTC_a61a7.dir/src.c.o
/usr/bin/cc   -DCMAKE_HAVE_LIBC_PTHREAD   -o CMakeFiles/cmTC_a61a7.dir/src.c.o   -c /home/reu/bderieg/geant4/GCRSimulator/build/CMakeFiles/CMakeTmp/src.c
Linking C executable cmTC_a61a7
/usr/bin/cmake -E cmake_link_script CMakeFiles/cmTC_a61a7.dir/link.txt --verbose=1
/usr/bin/cc  -DCMAKE_HAVE_LIBC_PTHREAD    CMakeFiles/cmTC_a61a7.dir/src.c.o  -o cmTC_a61a7 
/usr/lib64/gcc/x86_64-suse-linux/7/../../../../x86_64-suse-linux/bin/ld: CMakeFiles/cmTC_a61a7.dir/src.c.o: in function `main':
src.c:(.text+0x2d): undefined reference to `pthread_create'
/usr/lib64/gcc/x86_64-suse-linux/7/../../../../x86_64-suse-linux/bin/ld: src.c:(.text+0x39): undefined reference to `pthread_detach'
/usr/lib64/gcc/x86_64-suse-linux/7/../../../../x86_64-suse-linux/bin/ld: src.c:(.text+0x45): undefined reference to `pthread_cancel'
/usr/lib64/gcc/x86_64-suse-linux/7/../../../../x86_64-suse-linux/bin/ld: src.c:(.text+0x56): undefined reference to `pthread_join'
/usr/lib64/gcc/x86_64-suse-linux/7/../../../../x86_64-suse-linux/bin/ld: src.c:(.text+0x6a): undefined reference to `pthread_atfork'
collect2: error: ld returned 1 exit status
gmake[1]: *** [CMakeFiles/cmTC_a61a7.dir/build.make:104: cmTC_a61a7] Error 1
gmake[1]: Leaving directory '/home/reu/bderieg/geant4/GCRSimulator/build/CMakeFiles/CMakeTmp'
gmake: *** [Makefile:138: cmTC_a61a7/fast] Error 2


Source file was:
#include <pthread.h>

void* test_func(void* data)
{
  return data;
}

int main(void)
{
  pthread_t thread;
  pthread_create(&thread, NULL, test_func, NULL);
  pthread_detach(thread);
  pthread_cancel(thread);
  pthread_join(thread, NULL);
  pthread_atfork(NULL, NULL, NULL);
  pthread_exit(NULL);

  return 0;
}

Performing C SOURCE FILE Test CMAKE_HAVE_LIBC_PTHREAD failed with the following output:
Change Dir: /home/reu/bderieg/geant4/GCRSimulator/build/CMakeFiles/CMakeTmp

Run Build Command(s):/usr/bin/gmake cmTC_8da99/fast && /usr/bin/gmake -f CMakeFiles/cmTC_8da99.dir/build.make CMakeFiles/cmTC_8da99.dir/build
gmake[1]: Entering directory '/home/reu/bderieg/geant4/GCRSimulator/build/CMakeFiles/CMakeTmp'
Building C object CMakeFiles/cmTC_8da99.dir/src.c.o
/usr/bin/cc   -DCMAKE_HAVE_LIBC_PTHREAD   -o CMakeFiles/cmTC_8da99.dir/src.c.o   -c /home/reu/bderieg/geant4/GCRSimulator/build/CMakeFiles/CMakeTmp/src.c
Linking C executable cmTC_8da99
/usr/bin/cmake -E cmake_link_script CMakeFiles/cmTC_8da99.dir/link.txt --verbose=1
/usr/bin/cc  -DCMAKE_HAVE_LIBC_PTHREAD    CMakeFiles/cmTC_8da99.dir/src.c.o  -o cmTC_8da99 
/usr/lib64/gcc/x86_64-suse-linux/7/../../../../x86_64-suse-linux/bin/ld: CMakeFiles/cmTC_8da99.dir/src.c.o: in function `main':
src.c:(.text+0x2d): undefined reference to `pthread_create'
/usr/lib64/gcc/x86_64-suse-linux/7/../../../../x86_64-suse-linux/bin/ld: src.c:(.text+0x39): undefined reference to `pthread_detach'
/usr/lib64/gcc/x86_64-suse-linux/7/../../../../x86_64-suse-linux/bin/ld: src.c:(.text+0x45): undefined reference to `pthread_cancel'
/usr/lib64/gcc/x86_64-suse-linux/7/../../../../x86_64-suse-linux/bin/ld: src.c:(.text+0x56): undefined reference to `pthread_join'
/usr/lib64/gcc/x86_64-suse-linux/7/../../../../x86_64-suse-linux/bin/ld: src.c:(.text+0x6a): undefined reference to `pthread_atfork'
collect2: error: ld returned 1 exit status
gmake[1]: *** [CMakeFiles/cmTC_8da99.dir/build.make:104: cmTC_8da99] Error 1
gmake[1]: Leaving directory '/home/reu/bderieg/geant4/GCRSimulator/build/CMakeFiles/CMakeTmp'
gmake: *** [Makefile:138: cmTC_8da99/fast] Error 2


Source file was:
#include <pthread.h>

void* test_func(void* data)
{
  return data;
}

int main(void)
{
  pthread_t thread;
  pthread_create(&thread, NULL, test_func, NULL);
  pthread_detach(thread);
  pthread_cancel(thread);
  pthread_join(thread, NULL);
  pthread_atfork(NULL, NULL, NULL);
  pthread_exit(NULL);

  return 0;
}

Performing C SOURCE FILE Test CMAKE_HAVE_LIBC_PTHREAD failed with the following output:
Change Dir: /home/reu/bderieg/geant4/GCRSimulator/build/CMakeFiles/CMakeTmp

Run Build Command(s):/usr/bin/gmake cmTC_53e86/fast && /usr/bin/gmake -f CMakeFiles/cmTC_53e86.dir/build.make CMakeFiles/cmTC_53e86.dir/build
gmake[1]: Entering directory '/home/reu/bderieg/geant4/GCRSimulator/build/CMakeFiles/CMakeTmp'
Building C object CMakeFiles/cmTC_53e86.dir/src.c.o
/usr/bin/cc   -DCMAKE_HAVE_LIBC_PTHREAD   -o CMakeFiles/cmTC_53e86.dir/src.c.o   -c /home/reu/bderieg/geant4/GCRSimulator/build/CMakeFiles/CMakeTmp/src.c
Linking C executable cmTC_53e86
/usr/bin/cmake -E cmake_link_script CMakeFiles/cmTC_53e86.dir/link.txt --verbose=1
/usr/bin/cc  -DCMAKE_HAVE_LIBC_PTHREAD    CMakeFiles/cmTC_53e86.dir/src.c.o  -o cmTC_53e86 
/usr/lib64/gcc/x86_64-suse-linux/7/../../../../x86_64-suse-linux/bin/ld: CMakeFiles/cmTC_53e86.dir/src.c.o: in function `main':
src.c:(.text+0x2d): undefined reference to `pthread_create'
/usr/lib64/gcc/x86_64-suse-linux/7/../../../../x86_64-suse-linux/bin/ld: src.c:(.text+0x39): undefined reference to `pthread_detach'
/usr/lib64/gcc/x86_64-suse-linux/7/../../../../x86_64-suse-linux/bin/ld: src.c:(.text+0x45): undefined reference to `pthread_cancel'
/usr/lib64/gcc/x86_64-suse-linux/7/../../../../x86_64-suse-linux/bin/ld: src.c:(.text+0x56): undefined reference to `pthread_join'
/usr/lib64/gcc/x86_64-suse-linux/7/../../../../x86_64-suse-linux/bin/ld: src.c:(.text+0x6a): undefined reference to `pthread_atfork'
collect2: error: ld returned 1 exit status
gmake[1]: *** [CMakeFiles/cmTC_53e86.dir/build.make:104: cmTC_53e86] Error 1
gmake[1]: Leaving directory '/home/reu/bderieg/geant4/GCRSimulator/build/CMakeFiles/CMakeTmp'
gmake: *** [Makefile:138: cmTC_53e86/fast] Error 2


Source file was:
#include <pthread.h>

void* test_func(void* data)
{
  return data;
}

int main(void)
{
  pthread_t thread;
  pthread_create(&thread, NULL, test_func, NULL);
  pthread_detach(thread);
  pthread_cancel(thread);
  pthread_join(thread, NULL);
  pthread_atfork(NULL, NULL, NULL);
  pthread_exit(NULL);

  return 0;
}

Performing C SOURCE FILE Test CMAKE_HAVE_LIBC_PTHREAD failed with the following output:
Change Dir: /home/reu/bderieg/geant4/GCRSimulator/build/CMakeFiles/CMakeTmp

Run Build Command(s):/usr/bin/gmake cmTC_b5332/fast && /usr/bin/gmake -f CMakeFiles/cmTC_b5332.dir/build.make CMakeFiles/cmTC_b5332.dir/build
gmake[1]: Entering directory '/home/reu/bderieg/geant4/GCRSimulator/build/CMakeFiles/CMakeTmp'
Building C object CMakeFiles/cmTC_b5332.dir/src.c.o
/usr/bin/cc   -DCMAKE_HAVE_LIBC_PTHREAD   -o CMakeFiles/cmTC_b5332.dir/src.c.o   -c /home/reu/bderieg/geant4/GCRSimulator/build/CMakeFiles/CMakeTmp/src.c
Linking C executable cmTC_b5332
/usr/bin/cmake -E cmake_link_script CMakeFiles/cmTC_b5332.dir/link.txt --verbose=1
/usr/bin/cc  -DCMAKE_HAVE_LIBC_PTHREAD    CMakeFiles/cmTC_b5332.dir/src.c.o  -o cmTC_b5332 
/usr/lib64/gcc/x86_64-suse-linux/7/../../../../x86_64-suse-linux/bin/ld: CMakeFiles/cmTC_b5332.dir/src.c.o: in function `main':
src.c:(.text+0x2d): undefined reference to `pthread_create'
/usr/lib64/gcc/x86_64-suse-linux/7/../../../../x86_64-suse-linux/bin/ld: src.c:(.text+0x39): undefined reference to `pthread_detach'
/usr/lib64/gcc/x86_64-suse-linux/7/../../../../x86_64-suse-linux/bin/ld: src.c:(.text+0x45): undefined reference to `pthread_cancel'
/usr/lib64/gcc/x86_64-suse-linux/7/../../../../x86_64-suse-linux/bin/ld: src.c:(.text+0x56): undefined reference to `pthread_join'
/usr/lib64/gcc/x86_64-suse-linux/7/../../../../x86_64-suse-linux/bin/ld: src.c:(.text+0x6a): undefined reference to `pthread_atfork'
collect2: error: ld returned 1 exit status
gmake[1]: *** [CMakeFiles/cmTC_b5332.dir/build.make:104: cmTC_b5332] Error 1
gmake[1]: Leaving directory '/home/reu/bderieg/geant4/GCRSimulator/build/CMakeFiles/CMakeTmp'
gmake: *** [Makefile:138: cmTC_b5332/fast] Error 2


Source file was:
#include <pthread.h>

void* test_func(void* data)
{
  return data;
}

int main(void)
{
  pthread_t thread;
  pthread_create(&thread, NULL, test_func, NULL);
  pthread_detach(thread);
  pthread_cancel(thread);
  pthread_join(thread, NULL);
  pthread_atfork(NULL, NULL, NULL);
  pthread_exit(NULL);

  return 0;
}

Performing C SOURCE FILE Test CMAKE_HAVE_LIBC_PTHREAD failed with the following output:
Change Dir: /home/reu/bderieg/geant4/GCRSimulator/build/CMakeFiles/CMakeTmp

Run Build Command(s):/usr/bin/gmake cmTC_aa10e/fast && /usr/bin/gmake -f CMakeFiles/cmTC_aa10e.dir/build.make CMakeFiles/cmTC_aa10e.dir/build
gmake[1]: Entering directory '/home/reu/bderieg/geant4/GCRSimulator/build/CMakeFiles/CMakeTmp'
Building C object CMakeFiles/cmTC_aa10e.dir/src.c.o
/usr/bin/cc   -DCMAKE_HAVE_LIBC_PTHREAD   -o CMakeFiles/cmTC_aa10e.dir/src.c.o   -c /home/reu/bderieg/geant4/GCRSimulator/build/CMakeFiles/CMakeTmp/src.c
Linking C executable cmTC_aa10e
/usr/bin/cmake -E cmake_link_script CMakeFiles/cmTC_aa10e.dir/link.txt --verbose=1
/usr/bin/cc  -DCMAKE_HAVE_LIBC_PTHREAD    CMakeFiles/cmTC_aa10e.dir/src.c.o  -o cmTC_aa10e 
/usr/lib64/gcc/x86_64-suse-linux/7/../../../../x86_64-suse-linux/bin/ld: CMakeFiles/cmTC_aa10e.dir/src.c.o: in function `main':
src.c:(.text+0x2d): undefined reference to `pthread_create'
/usr/lib64/gcc/x86_64-suse-linux/7/../../../../x86_64-suse-linux/bin/ld: src.c:(.text+0x39): undefined reference to `pthread_detach'
/usr/lib64/gcc/x86_64-suse-linux/7/../../../../x86_64-suse-linux/bin/ld: src.c:(.text+0x45): undefined reference to `pthread_cancel'
/usr/lib64/gcc/x86_64-suse-linux/7/../../../../x86_64-suse-linux/bin/ld: src.c:(.text+0x56): undefined reference to `pthread_join'
/usr/lib64/gcc/x86_64-suse-linux/7/../../../../x86_64-suse-linux/bin/ld: src.c:(.text+0x6a): undefined reference to `pthread_atfork'
collect2: error: ld returned 1 exit status
gmake[1]: *** [CMakeFiles/cmTC_aa10e.dir/build.make:104: cmTC_aa10e] Error 1
gmake[1]: Leaving directory '/home/reu/bderieg/geant4/GCRSimulator/build/CMakeFiles/CMakeTmp'
gmake: *** [Makefile:138: cmTC_aa10e/fast] Error 2


Source file was:
#include <pthread.h>

void* test_func(void* data)
{
  return data;
}

int main(void)
{
  pthread_t thread;
  pthread_create(&thread, NULL, test_func, NULL);
  pthread_detach(thread);
  pthread_cancel(thread);
  pthread_join(thread, NULL);
  pthread_atfork(NULL, NULL, NULL);
  pthread_exit(NULL);

  return 0;
}

Performing C SOURCE FILE Test CMAKE_HAVE_LIBC_PTHREAD failed with the following output:
Change Dir: /home/reu/bderieg/geant4/GCRSimulator/build/CMakeFiles/CMakeTmp

Run Build Command(s):/usr/bin/gmake cmTC_36256/fast && /usr/bin/gmake -f CMakeFiles/cmTC_36256.dir/build.make CMakeFiles/cmTC_36256.dir/build
gmake[1]: Entering directory '/home/reu/bderieg/geant4/GCRSimulator/build/CMakeFiles/CMakeTmp'
Building C object CMakeFiles/cmTC_36256.dir/src.c.o
/usr/bin/cc   -DCMAKE_HAVE_LIBC_PTHREAD   -o CMakeFiles/cmTC_36256.dir/src.c.o   -c /home/reu/bderieg/geant4/GCRSimulator/build/CMakeFiles/CMakeTmp/src.c
Linking C executable cmTC_36256
/usr/bin/cmake -E cmake_link_script CMakeFiles/cmTC_36256.dir/link.txt --verbose=1
/usr/bin/cc  -DCMAKE_HAVE_LIBC_PTHREAD    CMakeFiles/cmTC_36256.dir/src.c.o  -o cmTC_36256 
/usr/lib64/gcc/x86_64-suse-linux/7/../../../../x86_64-suse-linux/bin/ld: CMakeFiles/cmTC_36256.dir/src.c.o: in function `main':
src.c:(.text+0x2d): undefined reference to `pthread_create'
/usr/lib64/gcc/x86_64-suse-linux/7/../../../../x86_64-suse-linux/bin/ld: src.c:(.text+0x39): undefined reference to `pthread_detach'
/usr/lib64/gcc/x86_64-suse-linux/7/../../../../x86_64-suse-linux/bin/ld: src.c:(.text+0x45): undefined reference to `pthread_cancel'
/usr/lib64/gcc/x86_64-suse-linux/7/../../../../x86_64-suse-linux/bin/ld: src.c:(.text+0x56): undefined reference to `pthread_join'
/usr/lib64/gcc/x86_64-suse-linux/7/../../../../x86_64-suse-linux/bin/ld: src.c:(.text+0x6a): undefined reference to `pthread_atfork'
collect2: error: ld returned 1 exit status
gmake[1]: *** [CMakeFiles/cmTC_36256.dir/build.make:104: cmTC_36256] Error 1
gmake[1]: Leaving directory '/home/reu/bderieg/geant4/GCRSimulator/build/CMakeFiles/CMakeTmp'
gmake: *** [Makefile:138: cmTC_36256/fast] Error 2


Source file was:
#include <pthread.h>

void* test_func(void* data)
{
  return data;
}

int main(void)
{
  pthread_t thread;
  pthread_create(&thread, NULL, test_func, NULL);
  pthread_detach(thread);
  pthread_cancel(thread);
  pthread_join(thread, NULL);
  pthread_atfork(NULL, NULL, NULL);
  pthread_exit(NULL);

  return 0;
}

Performing C SOURCE FILE Test CMAKE_HAVE_LIBC_PTHREAD failed with the following output:
Change Dir: /home/reu/bderieg/geant4/GCRSimulator/build/CMakeFiles/CMakeTmp

Run Build Command(s):/usr/bin/gmake cmTC_dca09/fast && /usr/bin/gmake -f CMakeFiles/cmTC_dca09.dir/build.make CMakeFiles/cmTC_dca09.dir/build
gmake[1]: Entering directory '/home/reu/bderieg/geant4/GCRSimulator/build/CMakeFiles/CMakeTmp'
Building C object CMakeFiles/cmTC_dca09.dir/src.c.o
/usr/bin/cc   -DCMAKE_HAVE_LIBC_PTHREAD   -o CMakeFiles/cmTC_dca09.dir/src.c.o   -c /home/reu/bderieg/geant4/GCRSimulator/build/CMakeFiles/CMakeTmp/src.c
Linking C executable cmTC_dca09
/usr/bin/cmake -E cmake_link_script CMakeFiles/cmTC_dca09.dir/link.txt --verbose=1
/usr/bin/cc  -DCMAKE_HAVE_LIBC_PTHREAD    CMakeFiles/cmTC_dca09.dir/src.c.o  -o cmTC_dca09 
/usr/lib64/gcc/x86_64-suse-linux/7/../../../../x86_64-suse-linux/bin/ld: CMakeFiles/cmTC_dca09.dir/src.c.o: in function `main':
src.c:(.text+0x2d): undefined reference to `pthread_create'
/usr/lib64/gcc/x86_64-suse-linux/7/../../../../x86_64-suse-linux/bin/ld: src.c:(.text+0x39): undefined reference to `pthread_detach'
/usr/lib64/gcc/x86_64-suse-linux/7/../../../../x86_64-suse-linux/bin/ld: src.c:(.text+0x45): undefined reference to `pthread_cancel'
/usr/lib64/gcc/x86_64-suse-linux/7/../../../../x86_64-suse-linux/bin/ld: src.c:(.text+0x56): undefined reference to `pthread_join'
/usr/lib64/gcc/x86_64-suse-linux/7/../../../../x86_64-suse-linux/bin/ld: src.c:(.text+0x6a): undefined reference to `pthread_atfork'
collect2: error: ld returned 1 exit status
gmake[1]: *** [CMakeFiles/cmTC_dca09.dir/build.make:104: cmTC_dca09] Error 1
gmake[1]: Leaving directory '/home/reu/bderieg/geant4/GCRSimulator/build/CMakeFiles/CMakeTmp'
gmake: *** [Makefile:138: cmTC_dca09/fast] Error 2


Source file was:
#include <pthread.h>

void* test_func(void* data)
{
  return data;
}

int main(void)
{
  pthread_t thread;
  pthread_create(&thread, NULL, test_func, NULL);
  pthread_detach(thread);
  pthread_cancel(thread);
  pthread_join(thread, NULL);
  pthread_atfork(NULL, NULL, NULL);
  pthread_exit(NULL);

  return 0;
}

Performing C SOURCE FILE Test CMAKE_HAVE_LIBC_PTHREAD failed with the following output:
Change Dir: /home/reu/bderieg/geant4/GCRSimulator/build/CMakeFiles/CMakeTmp

Run Build Command(s):/usr/bin/gmake cmTC_b2142/fast && /usr/bin/gmake -f CMakeFiles/cmTC_b2142.dir/build.make CMakeFiles/cmTC_b2142.dir/build
gmake[1]: Entering directory '/home/reu/bderieg/geant4/GCRSimulator/build/CMakeFiles/CMakeTmp'
Building C object CMakeFiles/cmTC_b2142.dir/src.c.o
/usr/bin/cc   -DCMAKE_HAVE_LIBC_PTHREAD   -o CMakeFiles/cmTC_b2142.dir/src.c.o   -c /home/reu/bderieg/geant4/GCRSimulator/build/CMakeFiles/CMakeTmp/src.c
Linking C executable cmTC_b2142
/usr/bin/cmake -E cmake_link_script CMakeFiles/cmTC_b2142.dir/link.txt --verbose=1
/usr/bin/cc  -DCMAKE_HAVE_LIBC_PTHREAD    CMakeFiles/cmTC_b2142.dir/src.c.o  -o cmTC_b2142 
/usr/lib64/gcc/x86_64-suse-linux/7/../../../../x86_64-suse-linux/bin/ld: CMakeFiles/cmTC_b2142.dir/src.c.o: in function `main':
src.c:(.text+0x2d): undefined reference to `pthread_create'
/usr/lib64/gcc/x86_64-suse-linux/7/../../../../x86_64-suse-linux/bin/ld: src.c:(.text+0x39): undefined reference to `pthread_detach'
/usr/lib64/gcc/x86_64-suse-linux/7/../../../../x86_64-suse-linux/bin/ld: src.c:(.text+0x45): undefined reference to `pthread_cancel'
/usr/lib64/gcc/x86_64-suse-linux/7/../../../../x86_64-suse-linux/bin/ld: src.c:(.text+0x56): undefined reference to `pthread_join'
/usr/lib64/gcc/x86_64-suse-linux/7/../../../../x86_64-suse-linux/bin/ld: src.c:(.text+0x6a): undefined reference to `pthread_atfork'
collect2: error: ld returned 1 exit status
gmake[1]: *** [CMakeFiles/cmTC_b2142.dir/build.make:104: cmTC_b2142] Error 1
gmake[1]: Leaving directory '/home/reu/bderieg/geant4/GCRSimulator/build/CMakeFiles/CMakeTmp'
gmake: *** [Makefile:138: cmTC_b2142/fast] Error 2


Source file was:
#include <pthread.h>

void* test_func(void* data)
{
  return data;
}

int main(void)
{
  pthread_t thread;
  pthread_create(&thread, NULL, test_func, NULL);
  pthread_detach(thread);
  pthread_cancel(thread);
  pthread_join(thread, NULL);
  pthread_atfork(NULL, NULL, NULL);
  pthread_exit(NULL);

  return 0;
}

Performing C SOURCE FILE Test CMAKE_HAVE_LIBC_PTHREAD failed with the following output:
Change Dir: /home/reu/bderieg/geant4/GCRSimulator/build/CMakeFiles/CMakeTmp

Run Build Command(s):/usr/bin/gmake cmTC_37939/fast && /usr/bin/gmake -f CMakeFiles/cmTC_37939.dir/build.make CMakeFiles/cmTC_37939.dir/build
gmake[1]: Entering directory '/home/reu/bderieg/geant4/GCRSimulator/build/CMakeFiles/CMakeTmp'
Building C object CMakeFiles/cmTC_37939.dir/src.c.o
/usr/bin/cc   -DCMAKE_HAVE_LIBC_PTHREAD   -o CMakeFiles/cmTC_37939.dir/src.c.o   -c /home/reu/bderieg/geant4/GCRSimulator/build/CMakeFiles/CMakeTmp/src.c
Linking C executable cmTC_37939
/usr/bin/cmake -E cmake_link_script CMakeFiles/cmTC_37939.dir/link.txt --verbose=1
/usr/bin/cc  -DCMAKE_HAVE_LIBC_PTHREAD    CMakeFiles/cmTC_37939.dir/src.c.o  -o cmTC_37939 
/usr/lib64/gcc/x86_64-suse-linux/7/../../../../x86_64-suse-linux/bin/ld: CMakeFiles/cmTC_37939.dir/src.c.o: in function `main':
src.c:(.text+0x2d): undefined reference to `pthread_create'
/usr/lib64/gcc/x86_64-suse-linux/7/../../../../x86_64-suse-linux/bin/ld: src.c:(.text+0x39): undefined reference to `pthread_detach'
/usr/lib64/gcc/x86_64-suse-linux/7/../../../../x86_64-suse-linux/bin/ld: src.c:(.text+0x45): undefined reference to `pthread_cancel'
/usr/lib64/gcc/x86_64-suse-linux/7/../../../../x86_64-suse-linux/bin/ld: src.c:(.text+0x56): undefined reference to `pthread_join'
/usr/lib64/gcc/x86_64-suse-linux/7/../../../../x86_64-suse-linux/bin/ld: src.c:(.text+0x6a): undefined reference to `pthread_atfork'
collect2: error: ld returned 1 exit status
gmake[1]: *** [CMakeFiles/cmTC_37939.dir/build.make:104: cmTC_37939] Error 1
gmake[1]: Leaving directory '/home/reu/bderieg/geant4/GCRSimulator/build/CMakeFiles/CMakeTmp'
gmake: *** [Makefile:138: cmTC_37939/fast] Error 2


Source file was:
#include <pthread.h>

void* test_func(void* data)
{
  return data;
}

int main(void)
{
  pthread_t thread;
  pthread_create(&thread, NULL, test_func, NULL);
  pthread_detach(thread);
  pthread_cancel(thread);
  pthread_join(thread, NULL);
  pthread_atfork(NULL, NULL, NULL);
  pthread_exit(NULL);

  return 0;
}

Performing C SOURCE FILE Test CMAKE_HAVE_LIBC_PTHREAD failed with the following output:
Change Dir: /home/reu/bderieg/geant4/GCRSimulator/build/CMakeFiles/CMakeTmp

Run Build Command(s):/usr/bin/gmake cmTC_ec707/fast && /usr/bin/gmake -f CMakeFiles/cmTC_ec707.dir/build.make CMakeFiles/cmTC_ec707.dir/build
gmake[1]: Entering directory '/home/reu/bderieg/geant4/GCRSimulator/build/CMakeFiles/CMakeTmp'
Building C object CMakeFiles/cmTC_ec707.dir/src.c.o
/usr/bin/cc   -DCMAKE_HAVE_LIBC_PTHREAD   -o CMakeFiles/cmTC_ec707.dir/src.c.o   -c /home/reu/bderieg/geant4/GCRSimulator/build/CMakeFiles/CMakeTmp/src.c
Linking C executable cmTC_ec707
/usr/bin/cmake -E cmake_link_script CMakeFiles/cmTC_ec707.dir/link.txt --verbose=1
/usr/bin/cc  -DCMAKE_HAVE_LIBC_PTHREAD    CMakeFiles/cmTC_ec707.dir/src.c.o  -o cmTC_ec707 
/usr/lib64/gcc/x86_64-suse-linux/7/../../../../x86_64-suse-linux/bin/ld: CMakeFiles/cmTC_ec707.dir/src.c.o: in function `main':
src.c:(.text+0x2d): undefined reference to `pthread_create'
/usr/lib64/gcc/x86_64-suse-linux/7/../../../../x86_64-suse-linux/bin/ld: src.c:(.text+0x39): undefined reference to `pthread_detach'
/usr/lib64/gcc/x86_64-suse-linux/7/../../../../x86_64-suse-linux/bin/ld: src.c:(.text+0x45): undefined reference to `pthread_cancel'
/usr/lib64/gcc/x86_64-suse-linux/7/../../../../x86_64-suse-linux/bin/ld: src.c:(.text+0x56): undefined reference to `pthread_join'
/usr/lib64/gcc/x86_64-suse-linux/7/../../../../x86_64-suse-linux/bin/ld: src.c:(.text+0x6a): undefined reference to `pthread_atfork'
collect2: error: ld returned 1 exit status
gmake[1]: *** [CMakeFiles/cmTC_ec707.dir/build.make:104: cmTC_ec707] Error 1
gmake[1]: Leaving directory '/home/reu/bderieg/geant4/GCRSimulator/build/CMakeFiles/CMakeTmp'
gmake: *** [Makefile:138: cmTC_ec707/fast] Error 2


Source file was:
#include <pthread.h>

void* test_func(void* data)
{
  return data;
}

int main(void)
{
  pthread_t thread;
  pthread_create(&thread, NULL, test_func, NULL);
  pthread_detach(thread);
  pthread_cancel(thread);
  pthread_join(thread, NULL);
  pthread_atfork(NULL, NULL, NULL);
  pthread_exit(NULL);

  return 0;
}

Performing C SOURCE FILE Test CMAKE_HAVE_LIBC_PTHREAD failed with the following output:
Change Dir: /home/reu/bderieg/geant4/GCRSimulator/build/CMakeFiles/CMakeTmp

Run Build Command(s):/usr/bin/gmake cmTC_83b6e/fast && /usr/bin/gmake -f CMakeFiles/cmTC_83b6e.dir/build.make CMakeFiles/cmTC_83b6e.dir/build
gmake[1]: Entering directory '/home/reu/bderieg/geant4/GCRSimulator/build/CMakeFiles/CMakeTmp'
Building C object CMakeFiles/cmTC_83b6e.dir/src.c.o
/usr/bin/cc   -DCMAKE_HAVE_LIBC_PTHREAD   -o CMakeFiles/cmTC_83b6e.dir/src.c.o   -c /home/reu/bderieg/geant4/GCRSimulator/build/CMakeFiles/CMakeTmp/src.c
Linking C executable cmTC_83b6e
/usr/bin/cmake -E cmake_link_script CMakeFiles/cmTC_83b6e.dir/link.txt --verbose=1
/usr/bin/cc  -DCMAKE_HAVE_LIBC_PTHREAD    CMakeFiles/cmTC_83b6e.dir/src.c.o  -o cmTC_83b6e 
/usr/lib64/gcc/x86_64-suse-linux/7/../../../../x86_64-suse-linux/bin/ld: CMakeFiles/cmTC_83b6e.dir/src.c.o: in function `main':
src.c:(.text+0x2d): undefined reference to `pthread_create'
/usr/lib64/gcc/x86_64-suse-linux/7/../../../../x86_64-suse-linux/bin/ld: src.c:(.text+0x39): undefined reference to `pthread_detach'
/usr/lib64/gcc/x86_64-suse-linux/7/../../../../x86_64-suse-linux/bin/ld: src.c:(.text+0x45): undefined reference to `pthread_cancel'
/usr/lib64/gcc/x86_64-suse-linux/7/../../../../x86_64-suse-linux/bin/ld: src.c:(.text+0x56): undefined reference to `pthread_join'
/usr/lib64/gcc/x86_64-suse-linux/7/../../../../x86_64-suse-linux/bin/ld: src.c:(.text+0x6a): undefined reference to `pthread_atfork'
collect2: error: ld returned 1 exit status
gmake[1]: *** [CMakeFiles/cmTC_83b6e.dir/build.make:104: cmTC_83b6e] Error 1
gmake[1]: Leaving directory '/home/reu/bderieg/geant4/GCRSimulator/build/CMakeFiles/CMakeTmp'
gmake: *** [Makefile:138: cmTC_83b6e/fast] Error 2


Source file was:
#include <pthread.h>

void* test_func(void* data)
{
  return data;
}

int main(void)
{
  pthread_t thread;
  pthread_create(&thread, NULL, test_func, NULL);
  pthread_detach(thread);
  pthread_cancel(thread);
  pthread_join(thread, NULL);
  pthread_atfork(NULL, NULL, NULL);
  pthread_exit(NULL);

  return 0;
}

Performing C SOURCE FILE Test CMAKE_HAVE_LIBC_PTHREAD failed with the following output:
Change Dir: /home/reu/bderieg/geant4/GCRSimulator/build/CMakeFiles/CMakeTmp

Run Build Command(s):/usr/bin/gmake cmTC_1586e/fast && /usr/bin/gmake -f CMakeFiles/cmTC_1586e.dir/build.make CMakeFiles/cmTC_1586e.dir/build
gmake[1]: Entering directory '/home/reu/bderieg/geant4/GCRSimulator/build/CMakeFiles/CMakeTmp'
Building C object CMakeFiles/cmTC_1586e.dir/src.c.o
/usr/bin/cc   -DCMAKE_HAVE_LIBC_PTHREAD   -o CMakeFiles/cmTC_1586e.dir/src.c.o   -c /home/reu/bderieg/geant4/GCRSimulator/build/CMakeFiles/CMakeTmp/src.c
Linking C executable cmTC_1586e
/usr/bin/cmake -E cmake_link_script CMakeFiles/cmTC_1586e.dir/link.txt --verbose=1
/usr/bin/cc  -DCMAKE_HAVE_LIBC_PTHREAD    CMakeFiles/cmTC_1586e.dir/src.c.o  -o cmTC_1586e 
/usr/lib64/gcc/x86_64-suse-linux/7/../../../../x86_64-suse-linux/bin/ld: CMakeFiles/cmTC_1586e.dir/src.c.o: in function `main':
src.c:(.text+0x2d): undefined reference to `pthread_create'
/usr/lib64/gcc/x86_64-suse-linux/7/../../../../x86_64-suse-linux/bin/ld: src.c:(.text+0x39): undefined reference to `pthread_detach'
/usr/lib64/gcc/x86_64-suse-linux/7/../../../../x86_64-suse-linux/bin/ld: src.c:(.text+0x45): undefined reference to `pthread_cancel'
/usr/lib64/gcc/x86_64-suse-linux/7/../../../../x86_64-suse-linux/bin/ld: src.c:(.text+0x56): undefined reference to `pthread_join'
/usr/lib64/gcc/x86_64-suse-linux/7/../../../../x86_64-suse-linux/bin/ld: src.c:(.text+0x6a): undefined reference to `pthread_atfork'
collect2: error: ld returned 1 exit status
gmake[1]: *** [CMakeFiles/cmTC_1586e.dir/build.make:104: cmTC_1586e] Error 1
gmake[1]: Leaving directory '/home/reu/bderieg/geant4/GCRSimulator/build/CMakeFiles/CMakeTmp'
gmake: *** [Makefile:138: cmTC_1586e/fast] Error 2


Source file was:
#include <pthread.h>

void* test_func(void* data)
{
  return data;
}

int main(void)
{
  pthread_t thread;
  pthread_create(&thread, NULL, test_func, NULL);
  pthread_detach(thread);
  pthread_cancel(thread);
  pthread_join(thread, NULL);
  pthread_atfork(NULL, NULL, NULL);
  pthread_exit(NULL);

  return 0;
}

Performing C SOURCE FILE Test CMAKE_HAVE_LIBC_PTHREAD failed with the following output:
Change Dir: /home/reu/bderieg/geant4/GCRSimulator/build/CMakeFiles/CMakeTmp

Run Build Command(s):/usr/bin/gmake cmTC_1ba82/fast && /usr/bin/gmake -f CMakeFiles/cmTC_1ba82.dir/build.make CMakeFiles/cmTC_1ba82.dir/build
gmake[1]: Entering directory '/home/reu/bderieg/geant4/GCRSimulator/build/CMakeFiles/CMakeTmp'
Building C object CMakeFiles/cmTC_1ba82.dir/src.c.o
/usr/bin/cc   -DCMAKE_HAVE_LIBC_PTHREAD   -o CMakeFiles/cmTC_1ba82.dir/src.c.o   -c /home/reu/bderieg/geant4/GCRSimulator/build/CMakeFiles/CMakeTmp/src.c
Linking C executable cmTC_1ba82
/usr/bin/cmake -E cmake_link_script CMakeFiles/cmTC_1ba82.dir/link.txt --verbose=1
/usr/bin/cc  -DCMAKE_HAVE_LIBC_PTHREAD    CMakeFiles/cmTC_1ba82.dir/src.c.o  -o cmTC_1ba82 
/usr/lib64/gcc/x86_64-suse-linux/7/../../../../x86_64-suse-linux/bin/ld: CMakeFiles/cmTC_1ba82.dir/src.c.o: in function `main':
src.c:(.text+0x2d): undefined reference to `pthread_create'
/usr/lib64/gcc/x86_64-suse-linux/7/../../../../x86_64-suse-linux/bin/ld: src.c:(.text+0x39): undefined reference to `pthread_detach'
/usr/lib64/gcc/x86_64-suse-linux/7/../../../../x86_64-suse-linux/bin/ld: src.c:(.text+0x45): undefined reference to `pthread_cancel'
/usr/lib64/gcc/x86_64-suse-linux/7/../../../../x86_64-suse-linux/bin/ld: src.c:(.text+0x56): undefined reference to `pthread_join'
/usr/lib64/gcc/x86_64-suse-linux/7/../../../../x86_64-suse-linux/bin/ld: src.c:(.text+0x6a): undefined reference to `pthread_atfork'
collect2: error: ld returned 1 exit status
gmake[1]: *** [CMakeFiles/cmTC_1ba82.dir/build.make:104: cmTC_1ba82] Error 1
gmake[1]: Leaving directory '/home/reu/bderieg/geant4/GCRSimulator/build/CMakeFiles/CMakeTmp'
gmake: *** [Makefile:138: cmTC_1ba82/fast] Error 2


Source file was:
#include <pthread.h>

void* test_func(void* data)
{
  return data;
}

int main(void)
{
  pthread_t thread;
  pthread_create(&thread, NULL, test_func, NULL);
  pthread_detach(thread);
  pthread_cancel(thread);
  pthread_join(thread, NULL);
  pthread_atfork(NULL, NULL, NULL);
  pthread_exit(NULL);

  return 0;
}

Performing C SOURCE FILE Test CMAKE_HAVE_LIBC_PTHREAD failed with the following output:
Change Dir: /home/reu/bderieg/geant4/GCRSimulator/build/CMakeFiles/CMakeTmp

Run Build Command(s):/usr/bin/gmake cmTC_78776/fast && /usr/bin/gmake -f CMakeFiles/cmTC_78776.dir/build.make CMakeFiles/cmTC_78776.dir/build
gmake[1]: Entering directory '/home/reu/bderieg/geant4/GCRSimulator/build/CMakeFiles/CMakeTmp'
Building C object CMakeFiles/cmTC_78776.dir/src.c.o
/usr/bin/cc   -DCMAKE_HAVE_LIBC_PTHREAD   -o CMakeFiles/cmTC_78776.dir/src.c.o   -c /home/reu/bderieg/geant4/GCRSimulator/build/CMakeFiles/CMakeTmp/src.c
Linking C executable cmTC_78776
/usr/bin/cmake -E cmake_link_script CMakeFiles/cmTC_78776.dir/link.txt --verbose=1
/usr/bin/cc  -DCMAKE_HAVE_LIBC_PTHREAD    CMakeFiles/cmTC_78776.dir/src.c.o  -o cmTC_78776 
/usr/lib64/gcc/x86_64-suse-linux/7/../../../../x86_64-suse-linux/bin/ld: CMakeFiles/cmTC_78776.dir/src.c.o: in function `main':
src.c:(.text+0x2d): undefined reference to `pthread_create'
/usr/lib64/gcc/x86_64-suse-linux/7/../../../../x86_64-suse-linux/bin/ld: src.c:(.text+0x39): undefined reference to `pthread_detach'
/usr/lib64/gcc/x86_64-suse-linux/7/../../../../x86_64-suse-linux/bin/ld: src.c:(.text+0x45): undefined reference to `pthread_cancel'
/usr/lib64/gcc/x86_64-suse-linux/7/../../../../x86_64-suse-linux/bin/ld: src.c:(.text+0x56): undefined reference to `pthread_join'
/usr/lib64/gcc/x86_64-suse-linux/7/../../../../x86_64-suse-linux/bin/ld: src.c:(.text+0x6a): undefined reference to `pthread_atfork'
collect2: error: ld returned 1 exit status
gmake[1]: *** [CMakeFiles/cmTC_78776.dir/build.make:104: cmTC_78776] Error 1
gmake[1]: Leaving directory '/home/reu/bderieg/geant4/GCRSimulator/build/CMakeFiles/CMakeTmp'
gmake: *** [Makefile:138: cmTC_78776/fast] Error 2


Source file was:
#include <pthread.h>

void* test_func(void* data)
{
  return data;
}

int main(void)
{
  pthread_t thread;
  pthread_create(&thread, NULL, test_func, NULL);
  pthread_detach(thread);
  pthread_cancel(thread);
  pthread_join(thread, NULL);
  pthread_atfork(NULL, NULL, NULL);
  pthread_exit(NULL);

  return 0;
}

Performing C SOURCE FILE Test CMAKE_HAVE_LIBC_PTHREAD failed with the following output:
Change Dir: /home/reu/bderieg/geant4/GCRSimulator/build/CMakeFiles/CMakeTmp

Run Build Command(s):/usr/bin/gmake cmTC_989de/fast && /usr/bin/gmake -f CMakeFiles/cmTC_989de.dir/build.make CMakeFiles/cmTC_989de.dir/build
gmake[1]: Entering directory '/home/reu/bderieg/geant4/GCRSimulator/build/CMakeFiles/CMakeTmp'
Building C object CMakeFiles/cmTC_989de.dir/src.c.o
/usr/bin/cc   -DCMAKE_HAVE_LIBC_PTHREAD   -o CMakeFiles/cmTC_989de.dir/src.c.o   -c /home/reu/bderieg/geant4/GCRSimulator/build/CMakeFiles/CMakeTmp/src.c
Linking C executable cmTC_989de
/usr/bin/cmake -E cmake_link_script CMakeFiles/cmTC_989de.dir/link.txt --verbose=1
/usr/bin/cc  -DCMAKE_HAVE_LIBC_PTHREAD    CMakeFiles/cmTC_989de.dir/src.c.o  -o cmTC_989de 
/usr/lib64/gcc/x86_64-suse-linux/7/../../../../x86_64-suse-linux/bin/ld: CMakeFiles/cmTC_989de.dir/src.c.o: in function `main':
src.c:(.text+0x2d): undefined reference to `pthread_create'
/usr/lib64/gcc/x86_64-suse-linux/7/../../../../x86_64-suse-linux/bin/ld: src.c:(.text+0x39): undefined reference to `pthread_detach'
/usr/lib64/gcc/x86_64-suse-linux/7/../../../../x86_64-suse-linux/bin/ld: src.c:(.text+0x45): undefined reference to `pthread_cancel'
/usr/lib64/gcc/x86_64-suse-linux/7/../../../../x86_64-suse-linux/bin/ld: src.c:(.text+0x56): undefined reference to `pthread_join'
/usr/lib64/gcc/x86_64-suse-linux/7/../../../../x86_64-suse-linux/bin/ld: src.c:(.text+0x6a): undefined reference to `pthread_atfork'
collect2: error: ld returned 1 exit status
gmake[1]: *** [CMakeFiles/cmTC_989de.dir/build.make:104: cmTC_989de] Error 1
gmake[1]: Leaving directory '/home/reu/bderieg/geant4/GCRSimulator/build/CMakeFiles/CMakeTmp'
gmake: *** [Makefile:138: cmTC_989de/fast] Error 2


Source file was:
#include <pthread.h>

void* test_func(void* data)
{
  return data;
}

int main(void)
{
  pthread_t thread;
  pthread_create(&thread, NULL, test_func, NULL);
  pthread_detach(thread);
  pthread_cancel(thread);
  pthread_join(thread, NULL);
  pthread_atfork(NULL, NULL, NULL);
  pthread_exit(NULL);

  return 0;
}

Performing C SOURCE FILE Test CMAKE_HAVE_LIBC_PTHREAD failed with the following output:
Change Dir: /home/reu/bderieg/geant4/GCRSimulator/build/CMakeFiles/CMakeTmp

Run Build Command(s):/usr/bin/gmake cmTC_b0ac8/fast && /usr/bin/gmake -f CMakeFiles/cmTC_b0ac8.dir/build.make CMakeFiles/cmTC_b0ac8.dir/build
gmake[1]: Entering directory '/home/reu/bderieg/geant4/GCRSimulator/build/CMakeFiles/CMakeTmp'
Building C object CMakeFiles/cmTC_b0ac8.dir/src.c.o
/usr/bin/cc   -DCMAKE_HAVE_LIBC_PTHREAD   -o CMakeFiles/cmTC_b0ac8.dir/src.c.o   -c /home/reu/bderieg/geant4/GCRSimulator/build/CMakeFiles/CMakeTmp/src.c
Linking C executable cmTC_b0ac8
/usr/bin/cmake -E cmake_link_script CMakeFiles/cmTC_b0ac8.dir/link.txt --verbose=1
/usr/bin/cc  -DCMAKE_HAVE_LIBC_PTHREAD    CMakeFiles/cmTC_b0ac8.dir/src.c.o  -o cmTC_b0ac8 
/usr/lib64/gcc/x86_64-suse-linux/7/../../../../x86_64-suse-linux/bin/ld: CMakeFiles/cmTC_b0ac8.dir/src.c.o: in function `main':
src.c:(.text+0x2d): undefined reference to `pthread_create'
/usr/lib64/gcc/x86_64-suse-linux/7/../../../../x86_64-suse-linux/bin/ld: src.c:(.text+0x39): undefined reference to `pthread_detach'
/usr/lib64/gcc/x86_64-suse-linux/7/../../../../x86_64-suse-linux/bin/ld: src.c:(.text+0x45): undefined reference to `pthread_cancel'
/usr/lib64/gcc/x86_64-suse-linux/7/../../../../x86_64-suse-linux/bin/ld: src.c:(.text+0x56): undefined reference to `pthread_join'
/usr/lib64/gcc/x86_64-suse-linux/7/../../../../x86_64-suse-linux/bin/ld: src.c:(.text+0x6a): undefined reference to `pthread_atfork'
collect2: error: ld returned 1 exit status
gmake[1]: *** [CMakeFiles/cmTC_b0ac8.dir/build.make:104: cmTC_b0ac8] Error 1
gmake[1]: Leaving directory '/home/reu/bderieg/geant4/GCRSimulator/build/CMakeFiles/CMakeTmp'
gmake: *** [Makefile:138: cmTC_b0ac8/fast] Error 2


Source file was:
#include <pthread.h>

void* test_func(void* data)
{
  return data;
}

int main(void)
{
  pthread_t thread;
  pthread_create(&thread, NULL, test_func, NULL);
  pthread_detach(thread);
  pthread_cancel(thread);
  pthread_join(thread, NULL);
  pthread_atfork(NULL, NULL, NULL);
  pthread_exit(NULL);

  return 0;
}

Performing C SOURCE FILE Test CMAKE_HAVE_LIBC_PTHREAD failed with the following output:
Change Dir: /home/reu/bderieg/geant4/GCRSimulator/build/CMakeFiles/CMakeTmp

Run Build Command(s):/usr/bin/gmake cmTC_2dd3b/fast && /usr/bin/gmake -f CMakeFiles/cmTC_2dd3b.dir/build.make CMakeFiles/cmTC_2dd3b.dir/build
gmake[1]: Entering directory '/home/reu/bderieg/geant4/GCRSimulator/build/CMakeFiles/CMakeTmp'
Building C object CMakeFiles/cmTC_2dd3b.dir/src.c.o
/usr/bin/cc   -DCMAKE_HAVE_LIBC_PTHREAD   -o CMakeFiles/cmTC_2dd3b.dir/src.c.o   -c /home/reu/bderieg/geant4/GCRSimulator/build/CMakeFiles/CMakeTmp/src.c
Linking C executable cmTC_2dd3b
/usr/bin/cmake -E cmake_link_script CMakeFiles/cmTC_2dd3b.dir/link.txt --verbose=1
/usr/bin/cc  -DCMAKE_HAVE_LIBC_PTHREAD    CMakeFiles/cmTC_2dd3b.dir/src.c.o  -o cmTC_2dd3b 
/usr/lib64/gcc/x86_64-suse-linux/7/../../../../x86_64-suse-linux/bin/ld: CMakeFiles/cmTC_2dd3b.dir/src.c.o: in function `main':
src.c:(.text+0x2d): undefined reference to `pthread_create'
/usr/lib64/gcc/x86_64-suse-linux/7/../../../../x86_64-suse-linux/bin/ld: src.c:(.text+0x39): undefined reference to `pthread_detach'
/usr/lib64/gcc/x86_64-suse-linux/7/../../../../x86_64-suse-linux/bin/ld: src.c:(.text+0x45): undefined reference to `pthread_cancel'
/usr/lib64/gcc/x86_64-suse-linux/7/../../../../x86_64-suse-linux/bin/ld: src.c:(.text+0x56): undefined reference to `pthread_join'
/usr/lib64/gcc/x86_64-suse-linux/7/../../../../x86_64-suse-linux/bin/ld: src.c:(.text+0x6a): undefined reference to `pthread_atfork'
collect2: error: ld returned 1 exit status
gmake[1]: *** [CMakeFiles/cmTC_2dd3b.dir/build.make:104: cmTC_2dd3b] Error 1
gmake[1]: Leaving directory '/home/reu/bderieg/geant4/GCRSimulator/build/CMakeFiles/CMakeTmp'
gmake: *** [Makefile:138: cmTC_2dd3b/fast] Error 2


Source file was:
#include <pthread.h>

void* test_func(void* data)
{
  return data;
}

int main(void)
{
  pthread_t thread;
  pthread_create(&thread, NULL, test_func, NULL);
  pthread_detach(thread);
  pthread_cancel(thread);
  pthread_join(thread, NULL);
  pthread_atfork(NULL, NULL, NULL);
  pthread_exit(NULL);

  return 0;
}

Performing C SOURCE FILE Test CMAKE_HAVE_LIBC_PTHREAD failed with the following output:
Change Dir: /home/reu/bderieg/geant4/GCRSimulator/build/CMakeFiles/CMakeTmp

Run Build Command(s):/usr/bin/gmake cmTC_5916d/fast && /usr/bin/gmake -f CMakeFiles/cmTC_5916d.dir/build.make CMakeFiles/cmTC_5916d.dir/build
gmake[1]: Entering directory '/home/reu/bderieg/geant4/GCRSimulator/build/CMakeFiles/CMakeTmp'
Building C object CMakeFiles/cmTC_5916d.dir/src.c.o
/usr/bin/cc   -DCMAKE_HAVE_LIBC_PTHREAD   -o CMakeFiles/cmTC_5916d.dir/src.c.o   -c /home/reu/bderieg/geant4/GCRSimulator/build/CMakeFiles/CMakeTmp/src.c
Linking C executable cmTC_5916d
/usr/bin/cmake -E cmake_link_script CMakeFiles/cmTC_5916d.dir/link.txt --verbose=1
/usr/bin/cc  -DCMAKE_HAVE_LIBC_PTHREAD    CMakeFiles/cmTC_5916d.dir/src.c.o  -o cmTC_5916d 
/usr/lib64/gcc/x86_64-suse-linux/7/../../../../x86_64-suse-linux/bin/ld: CMakeFiles/cmTC_5916d.dir/src.c.o: in function `main':
src.c:(.text+0x2d): undefined reference to `pthread_create'
/usr/lib64/gcc/x86_64-suse-linux/7/../../../../x86_64-suse-linux/bin/ld: src.c:(.text+0x39): undefined reference to `pthread_detach'
/usr/lib64/gcc/x86_64-suse-linux/7/../../../../x86_64-suse-linux/bin/ld: src.c:(.text+0x45): undefined reference to `pthread_cancel'
/usr/lib64/gcc/x86_64-suse-linux/7/../../../../x86_64-suse-linux/bin/ld: src.c:(.text+0x56): undefined reference to `pthread_join'
/usr/lib64/gcc/x86_64-suse-linux/7/../../../../x86_64-suse-linux/bin/ld: src.c:(.text+0x6a): undefined reference to `pthread_atfork'
collect2: error: ld returned 1 exit status
gmake[1]: *** [CMakeFiles/cmTC_5916d.dir/build.make:104: cmTC_5916d] Error 1
gmake[1]: Leaving directory '/home/reu/bderieg/geant4/GCRSimulator/build/CMakeFiles/CMakeTmp'
gmake: *** [Makefile:138: cmTC_5916d/fast] Error 2


Source file was:
#include <pthread.h>

void* test_func(void* data)
{
  return data;
}

int main(void)
{
  pthread_t thread;
  pthread_create(&thread, NULL, test_func, NULL);
  pthread_detach(thread);
  pthread_cancel(thread);
  pthread_join(thread, NULL);
  pthread_atfork(NULL, NULL, NULL);
  pthread_exit(NULL);

  return 0;
}

Performing C SOURCE FILE Test CMAKE_HAVE_LIBC_PTHREAD failed with the following output:
Change Dir: /home/reu/bderieg/geant4/GCRSimulator/build/CMakeFiles/CMakeTmp

Run Build Command(s):/usr/bin/gmake cmTC_58a42/fast && /usr/bin/gmake -f CMakeFiles/cmTC_58a42.dir/build.make CMakeFiles/cmTC_58a42.dir/build
gmake[1]: Entering directory '/home/reu/bderieg/geant4/GCRSimulator/build/CMakeFiles/CMakeTmp'
Building C object CMakeFiles/cmTC_58a42.dir/src.c.o
/usr/bin/cc   -DCMAKE_HAVE_LIBC_PTHREAD   -o CMakeFiles/cmTC_58a42.dir/src.c.o   -c /home/reu/bderieg/geant4/GCRSimulator/build/CMakeFiles/CMakeTmp/src.c
Linking C executable cmTC_58a42
/usr/bin/cmake -E cmake_link_script CMakeFiles/cmTC_58a42.dir/link.txt --verbose=1
/usr/bin/cc  -DCMAKE_HAVE_LIBC_PTHREAD    CMakeFiles/cmTC_58a42.dir/src.c.o  -o cmTC_58a42 
/usr/lib64/gcc/x86_64-suse-linux/7/../../../../x86_64-suse-linux/bin/ld: CMakeFiles/cmTC_58a42.dir/src.c.o: in function `main':
src.c:(.text+0x2d): undefined reference to `pthread_create'
/usr/lib64/gcc/x86_64-suse-linux/7/../../../../x86_64-suse-linux/bin/ld: src.c:(.text+0x39): undefined reference to `pthread_detach'
/usr/lib64/gcc/x86_64-suse-linux/7/../../../../x86_64-suse-linux/bin/ld: src.c:(.text+0x45): undefined reference to `pthread_cancel'
/usr/lib64/gcc/x86_64-suse-linux/7/../../../../x86_64-suse-linux/bin/ld: src.c:(.text+0x56): undefined reference to `pthread_join'
/usr/lib64/gcc/x86_64-suse-linux/7/../../../../x86_64-suse-linux/bin/ld: src.c:(.text+0x6a): undefined reference to `pthread_atfork'
collect2: error: ld returned 1 exit status
gmake[1]: *** [CMakeFiles/cmTC_58a42.dir/build.make:104: cmTC_58a42] Error 1
gmake[1]: Leaving directory '/home/reu/bderieg/geant4/GCRSimulator/build/CMakeFiles/CMakeTmp'
gmake: *** [Makefile:138: cmTC_58a42/fast] Error 2


Source file was:
#include <pthread.h>

void* test_func(void* data)
{
  return data;
}

int main(void)
{
  pthread_t thread;
  pthread_create(&thread, NULL, test_func, NULL);
  pthread_detach(thread);
  pthread_cancel(thread);
  pthread_join(thread, NULL);
  pthread_atfork(NULL, NULL, NULL);
  pthread_exit(NULL);

  return 0;
}

